<?xml version="1.0" encoding="UTF-8" ?>
<testsuite errors="0" failures="5" hostname="sea-lion" name="vector2d.Vector2DTest" tests="8" time="0.08" timestamp="2013-07-23T15:51:00">
  <properties>
[...]
</properties>
  <testcase classname="vector2d.Vector2DTest" name="testDot" time="0.006">
    <failure message="expected:&lt;25.0&gt; but was:&lt;0.0&gt;" type="junit.framework.AssertionFailedError">junit.framework.AssertionFailedError: expected:&lt;25.0&gt; but was:&lt;0.0&gt;
	at vector2d.Vector2DTest.testDot(Vector2DTest.java:53)
</failure>
  </testcase>
  <testcase classname="vector2d.Vector2DTest" name="testGetX" time="0.001">
    <failure message="expected:&lt;3.0&gt; but was:&lt;0.0&gt;" type="junit.framework.AssertionFailedError">junit.framework.AssertionFailedError: expected:&lt;3.0&gt; but was:&lt;0.0&gt;
	at vector2d.Vector2DTest.testGetX(Vector2DTest.java:69)
</failure>
  </testcase>
  <testcase classname="vector2d.Vector2DTest" name="testScale" time="0.0" />
  <testcase classname="vector2d.Vector2DTest" name="testAdd" time="0.0" />
  <testcase classname="vector2d.Vector2DTest" name="testMagnitude" time="0.001">
    <failure message="expected:&lt;5.0&gt; but was:&lt;0.0&gt;" type="junit.framework.AssertionFailedError">junit.framework.AssertionFailedError: expected:&lt;5.0&gt; but was:&lt;0.0&gt;
	at vector2d.Vector2DTest.testMagnitude(Vector2DTest.java:61)
</failure>
  </testcase>
  <testcase classname="vector2d.Vector2DTest" name="testGetY" time="0.001">
    <failure message="expected:&lt;4.0&gt; but was:&lt;0.0&gt;" type="junit.framework.AssertionFailedError">junit.framework.AssertionFailedError: expected:&lt;4.0&gt; but was:&lt;0.0&gt;
	at vector2d.Vector2DTest.testGetY(Vector2DTest.java:77)
</failure>
  </testcase>
  <testcase classname="vector2d.Vector2DTest" name="testToString" time="0.003">
    <failure message="expected:&lt;[(3.0, 4.0)]&gt; but was:&lt;[]&gt;" type="junit.framework.AssertionFailedError">junit.framework.AssertionFailedError: expected:&lt;[(3.0, 4.0)]&gt; but was:&lt;[]&gt;
	at vector2d.Vector2DTest.testToString(Vector2DTest.java:85)
</failure>
  </testcase>
  <testcase classname="vector2d.Vector2DTest" name="testRotate" time="0.0" />
  <system-out><![CDATA[]]></system-out>
  <system-err><![CDATA[]]></system-err>
</testsuite>
