<?xml version="1.0" encoding="UTF-8" ?>
<testsuite errors="0" failures="0" hostname="orgho-S210" name="shading.Vector3DTest" skipped="0" tests="10" time="0.108" timestamp="2016-03-28T01:18:44">
  <properties>
[...]
</properties>
  <testcase classname="shading.Vector3DTest" name="testAdd" time="0.002" />
  <testcase classname="shading.Vector3DTest" name="testDot" time="0.0" />
  <testcase classname="shading.Vector3DTest" name="testMagnitude" time="0.001" />
  <testcase classname="shading.Vector3DTest" name="testSubtract" time="0.001" />
  <testcase classname="shading.Vector3DTest" name="testCross" time="0.001" />
  <testcase classname="shading.Vector3DTest" name="testScale" time="0.0" />
  <testcase classname="shading.Vector3DTest" name="testGetX" time="0.0" />
  <testcase classname="shading.Vector3DTest" name="testGetY" time="0.0" />
  <testcase classname="shading.Vector3DTest" name="testGetZ" time="0.001" />
  <testcase classname="shading.Vector3DTest" name="testNormalize" time="0.0" />
  <system-out><![CDATA[add
dot
magnitude
subtract
cross
scale
getX
getY
getZ
normalize
]]></system-out>
  <system-err><![CDATA[]]></system-err>
</testsuite>
